<?xml version="1.0" encoding="UTF-8"?>
<!-- Generated by org.testng.reporters.JUnitReportReporter -->
<testsuite hostname="DESKTOP-VRQNQ8G" name="test.Login" tests="1" failures="0" timestamp="30 May 2017 13:10:58 GMT" time="5.895" errors="0">
  <testcase name="Checklogin" time="5.895" classname="test.Login"/>
</testsuite> <!-- test.Login -->
