<?xml version="1.0" encoding="UTF-8"?>
<!-- Generated by org.testng.reporters.JUnitReportReporter -->
<testsuite hostname="DESKTOP-VRQNQ8G" name="test.Checkplp" tests="1" failures="0" timestamp="30 May 2017 13:40:54 GMT" time="32.807" errors="0">
  <testcase name="plppage" time="32.807" classname="test.Checkplp"/>
</testsuite> <!-- test.Checkplp -->
